<?xml version="1.0" encoding="UTF-8"?>
<testsuite name="kr.ac.jejunu.UserDaoTests" tests="4" skipped="0" failures="0" errors="0" timestamp="2022-04-08T08:15:31" hostname="hsooovnkui-MacBookAir.local" time="0.827">
  <properties/>
  <testcase name="delete()" classname="kr.ac.jejunu.UserDaoTests" time="0.638"/>
  <testcase name="insert()" classname="kr.ac.jejunu.UserDaoTests" time="0.061"/>
  <testcase name="update()" classname="kr.ac.jejunu.UserDaoTests" time="0.097"/>
  <testcase name="findById()" classname="kr.ac.jejunu.UserDaoTests" time="0.027"/>
  <system-out><![CDATA[]]></system-out>
  <system-err><![CDATA[]]></system-err>
</testsuite>
