<?xml version="1.0" encoding="UTF-8"?>
<testsuite name="kr.ac.jejunu.UserDaoTests" tests="4" skipped="0" failures="0" errors="0" timestamp="2022-04-08T09:05:55" hostname="hsooovnkui-MacBookAir.local" time="0.697">
  <properties/>
  <testcase name="delete()" classname="kr.ac.jejunu.UserDaoTests" time="0.568"/>
  <testcase name="insert()" classname="kr.ac.jejunu.UserDaoTests" time="0.049"/>
  <testcase name="update()" classname="kr.ac.jejunu.UserDaoTests" time="0.06"/>
  <testcase name="findById()" classname="kr.ac.jejunu.UserDaoTests" time="0.018"/>
  <system-out><![CDATA[]]></system-out>
  <system-err><![CDATA[]]></system-err>
</testsuite>
