<?xml version="1.0" encoding="UTF-8"?>
<testsuite name="kr.ac.jejunu.UserDaoTests" tests="4" skipped="0" failures="0" errors="0" timestamp="2022-03-25T08:45:22" hostname="hsooovnkui-MacBookAir.local" time="0.791">
  <properties/>
  <testcase name="insert()" classname="kr.ac.jejunu.UserDaoTests" time="0.665"/>
  <testcase name="findById()" classname="kr.ac.jejunu.UserDaoTests" time="0.033"/>
  <testcase name="findByIdForHalla()" classname="kr.ac.jejunu.UserDaoTests" time="0.036"/>
  <testcase name="insertForHalla()" classname="kr.ac.jejunu.UserDaoTests" time="0.055"/>
  <system-out><![CDATA[]]></system-out>
  <system-err><![CDATA[]]></system-err>
</testsuite>
