<?xml version="1.0" encoding="UTF-8"?>
<testsuite name="kr.ac.jejunu.UserDaoTests" tests="4" skipped="0" failures="0" errors="0" timestamp="2022-04-08T07:52:18" hostname="hsooovnkui-MacBookAir.local" time="0.923">
  <properties/>
  <testcase name="delete()" classname="kr.ac.jejunu.UserDaoTests" time="0.674"/>
  <testcase name="insert()" classname="kr.ac.jejunu.UserDaoTests" time="0.054"/>
  <testcase name="update()" classname="kr.ac.jejunu.UserDaoTests" time="0.164"/>
  <testcase name="findById()" classname="kr.ac.jejunu.UserDaoTests" time="0.028"/>
  <system-out><![CDATA[]]></system-out>
  <system-err><![CDATA[]]></system-err>
</testsuite>
