<?xml version="1.0" encoding="UTF-8"?>
<testsuite name="kr.ac.jejunu.userdao.UserDaoTests" tests="4" skipped="0" failures="0" errors="0" timestamp="2022-04-22T08:39:30" hostname="hsooovnkui-MacBookAir.local" time="0.548">
  <properties/>
  <testcase name="Hallainsert()" classname="kr.ac.jejunu.userdao.UserDaoTests" time="0.468"/>
  <testcase name="testGet()" classname="kr.ac.jejunu.userdao.UserDaoTests" time="0.022"/>
  <testcase name="insert()" classname="kr.ac.jejunu.userdao.UserDaoTests" time="0.038"/>
  <testcase name="HallaGet()" classname="kr.ac.jejunu.userdao.UserDaoTests" time="0.018"/>
  <system-out><![CDATA[]]></system-out>
  <system-err><![CDATA[]]></system-err>
</testsuite>
