<?xml version="1.0" encoding="UTF-8"?>
<testsuite name="kr.ac.jejunu.userdao.UserDaoTests" tests="4" skipped="0" failures="0" errors="0" timestamp="2022-04-22T08:59:35" hostname="hsooovnkui-MacBookAir.local" time="0.579">
  <properties/>
  <testcase name="Hallainsert()" classname="kr.ac.jejunu.userdao.UserDaoTests" time="0.466"/>
  <testcase name="testGet()" classname="kr.ac.jejunu.userdao.UserDaoTests" time="0.034"/>
  <testcase name="insert()" classname="kr.ac.jejunu.userdao.UserDaoTests" time="0.052"/>
  <testcase name="HallaGet()" classname="kr.ac.jejunu.userdao.UserDaoTests" time="0.026"/>
  <system-out><![CDATA[]]></system-out>
  <system-err><![CDATA[]]></system-err>
</testsuite>
